2021-02-14 10:13:02.578  INFO 7904 --- [main] d.s.e.escaperoom.EscaperoomApplication   : Starting EscaperoomApplication using Java 15.0.1 on LAP-HEBU2 with PID 7904 (C:\Users\hendrik.buender\git\escaperoomapi\target\classes started by hendrik.buender in C:\Users\hendrik.buender\git\escaperoomapi)
2021-02-14 10:13:02.580  INFO 7904 --- [main] d.s.e.escaperoom.EscaperoomApplication   : No active profile set, falling back to default profiles: default
2021-02-14 10:13:03.291  INFO 7904 --- [main] o.s.b.w.embedded.tomcat.TomcatWebServer  : Tomcat initialized with port(s): 8080 (http)
2021-02-14 10:13:03.307  INFO 7904 --- [main] o.apache.catalina.core.StandardService   : Starting service [Tomcat]
2021-02-14 10:13:03.307  INFO 7904 --- [main] org.apache.catalina.core.StandardEngine  : Starting Servlet engine: [Apache Tomcat/9.0.41]
2021-02-14 10:13:03.360  INFO 7904 --- [main] o.a.c.c.C.[Tomcat].[localhost].[/]       : Initializing Spring embedded WebApplicationContext
2021-02-14 10:13:03.360  INFO 7904 --- [main] w.s.c.ServletWebServerApplicationContext : Root WebApplicationContext: initialization completed in 731 ms
2021-02-14 10:13:03.507  INFO 7904 --- [main] o.s.s.concurrent.ThreadPoolTaskExecutor  : Initializing ExecutorService 'applicationTaskExecutor'
2021-02-14 10:13:03.661  INFO 7904 --- [main] o.s.b.w.embedded.tomcat.TomcatWebServer  : Tomcat started on port(s): 8080 (http) with context path ''
2021-02-14 10:13:03.677  INFO 7904 --- [main] d.s.e.escaperoom.EscaperoomApplication   : Started EscaperoomApplication in 1.45 seconds (JVM running for 2.182)
2021-02-14 10:13:22.069  INFO 7904 --- [http-nio-8080-exec-1] o.a.c.c.C.[Tomcat].[localhost].[/]       : Initializing Spring DispatcherServlet 'dispatcherServlet'
2021-02-14 10:13:22.070  INFO 7904 --- [http-nio-8080-exec-1] o.s.web.servlet.DispatcherServlet        : Initializing Servlet 'dispatcherServlet'
2021-02-14 10:13:22.071  INFO 7904 --- [http-nio-8080-exec-1] o.s.web.servlet.DispatcherServlet        : Completed initialization in 0 ms
2021-02-14 13:02:08.948  INFO 18296 --- [main] d.s.e.escaperoom.EscaperoomApplication   : Starting EscaperoomApplication using Java 15.0.1 on LAP-HEBU2 with PID 18296 (C:\Users\hendrik.buender\git\escaperoomapi\target\classes started by hendrik.buender in C:\Users\hendrik.buender\git\escaperoomapi)
2021-02-14 13:02:08.950  INFO 18296 --- [main] d.s.e.escaperoom.EscaperoomApplication   : No active profile set, falling back to default profiles: default
2021-02-14 13:02:09.545  INFO 18296 --- [main] o.s.b.w.embedded.tomcat.TomcatWebServer  : Tomcat initialized with port(s): 8080 (http)
2021-02-14 13:02:09.555  INFO 18296 --- [main] o.apache.catalina.core.StandardService   : Starting service [Tomcat]
2021-02-14 13:02:09.555  INFO 18296 --- [main] org.apache.catalina.core.StandardEngine  : Starting Servlet engine: [Apache Tomcat/9.0.41]
2021-02-14 13:02:09.598  INFO 18296 --- [main] o.a.c.c.C.[Tomcat].[localhost].[/]       : Initializing Spring embedded WebApplicationContext
2021-02-14 13:02:09.599  INFO 18296 --- [main] w.s.c.ServletWebServerApplicationContext : Root WebApplicationContext: initialization completed in 615 ms
2021-02-14 13:02:09.699  INFO 18296 --- [main] o.s.s.concurrent.ThreadPoolTaskExecutor  : Initializing ExecutorService 'applicationTaskExecutor'
2021-02-14 13:02:09.815  INFO 18296 --- [main] o.s.b.w.embedded.tomcat.TomcatWebServer  : Tomcat started on port(s): 8080 (http) with context path ''
2021-02-14 13:02:09.823  INFO 18296 --- [main] d.s.e.escaperoom.EscaperoomApplication   : Started EscaperoomApplication in 1.152 seconds (JVM running for 1.599)
2021-02-14 13:05:03.912  INFO 18296 --- [http-nio-8080-exec-2] o.apache.coyote.http11.Http11Processor   : Error parsing HTTP request header
 Note: further occurrences of HTTP request parsing errors will be logged at DEBUG level.

java.lang.IllegalArgumentException: Invalid character found in method name [0x160x030x010x020x000x010x000x010xfc0x030x030xf70x93n0x1b0xd6VO0xf60x1bm0xb20xc80x190x0al0x000xfem0x110xb90xe00xa70x0c0x030xe00xf40x80o0x0eo0x940x86]. HTTP method names must be tokens
	at org.apache.coyote.http11.Http11InputBuffer.parseRequestLine(Http11InputBuffer.java:417) ~[tomcat-embed-core-9.0.41.jar:9.0.41]
	at org.apache.coyote.http11.Http11Processor.service(Http11Processor.java:261) ~[tomcat-embed-core-9.0.41.jar:9.0.41]
	at org.apache.coyote.AbstractProcessorLight.process(AbstractProcessorLight.java:65) ~[tomcat-embed-core-9.0.41.jar:9.0.41]
	at org.apache.coyote.AbstractProtocol$ConnectionHandler.process(AbstractProtocol.java:888) ~[tomcat-embed-core-9.0.41.jar:9.0.41]
	at org.apache.tomcat.util.net.NioEndpoint$SocketProcessor.doRun(NioEndpoint.java:1597) ~[tomcat-embed-core-9.0.41.jar:9.0.41]
	at org.apache.tomcat.util.net.SocketProcessorBase.run(SocketProcessorBase.java:49) ~[tomcat-embed-core-9.0.41.jar:9.0.41]
	at java.base/java.util.concurrent.ThreadPoolExecutor.runWorker(ThreadPoolExecutor.java:1130) ~[na:na]
	at java.base/java.util.concurrent.ThreadPoolExecutor$Worker.run(ThreadPoolExecutor.java:630) ~[na:na]
	at org.apache.tomcat.util.threads.TaskThread$WrappingRunnable.run(TaskThread.java:61) ~[tomcat-embed-core-9.0.41.jar:9.0.41]
	at java.base/java.lang.Thread.run(Thread.java:832) ~[na:na]

2021-02-14 13:05:03.935  INFO 18296 --- [http-nio-8080-exec-1] o.apache.coyote.http11.Http11Processor   : Error parsing HTTP request header
 Note: further occurrences of HTTP request parsing errors will be logged at DEBUG level.

java.lang.IllegalArgumentException: Invalid character found in method name [0x160x030x010x020x000x010x000x010xfc0x030x030xf10xb0z@0xf80xd60xfd40x82v0x164(0x0c0xe9f0xfc0xd3L0xad0x8e0x1e0x870xb20xd60x88|0x8a0x81b0x03g]. HTTP method names must be tokens
	at org.apache.coyote.http11.Http11InputBuffer.parseRequestLine(Http11InputBuffer.java:417) ~[tomcat-embed-core-9.0.41.jar:9.0.41]
	at org.apache.coyote.http11.Http11Processor.service(Http11Processor.java:261) ~[tomcat-embed-core-9.0.41.jar:9.0.41]
	at org.apache.coyote.AbstractProcessorLight.process(AbstractProcessorLight.java:65) ~[tomcat-embed-core-9.0.41.jar:9.0.41]
	at org.apache.coyote.AbstractProtocol$ConnectionHandler.process(AbstractProtocol.java:888) ~[tomcat-embed-core-9.0.41.jar:9.0.41]
	at org.apache.tomcat.util.net.NioEndpoint$SocketProcessor.doRun(NioEndpoint.java:1597) ~[tomcat-embed-core-9.0.41.jar:9.0.41]
	at org.apache.tomcat.util.net.SocketProcessorBase.run(SocketProcessorBase.java:49) ~[tomcat-embed-core-9.0.41.jar:9.0.41]
	at java.base/java.util.concurrent.ThreadPoolExecutor.runWorker(ThreadPoolExecutor.java:1130) ~[na:na]
	at java.base/java.util.concurrent.ThreadPoolExecutor$Worker.run(ThreadPoolExecutor.java:630) ~[na:na]
	at org.apache.tomcat.util.threads.TaskThread$WrappingRunnable.run(TaskThread.java:61) ~[tomcat-embed-core-9.0.41.jar:9.0.41]
	at java.base/java.lang.Thread.run(Thread.java:832) ~[na:na]

2021-02-14 13:06:33.661  INFO 14580 --- [main] d.s.e.escaperoom.EscaperoomApplication   : Starting EscaperoomApplication using Java 15.0.1 on LAP-HEBU2 with PID 14580 (C:\Users\hendrik.buender\git\escaperoomapi\target\classes started by hendrik.buender in C:\Users\hendrik.buender\git\escaperoomapi)
2021-02-14 13:06:33.663  INFO 14580 --- [main] d.s.e.escaperoom.EscaperoomApplication   : No active profile set, falling back to default profiles: default
2021-02-14 13:06:34.203  INFO 14580 --- [main] o.s.b.w.embedded.tomcat.TomcatWebServer  : Tomcat initialized with port(s): 8080 (http)
2021-02-14 13:06:34.213  INFO 14580 --- [main] o.apache.catalina.core.StandardService   : Starting service [Tomcat]
2021-02-14 13:06:34.213  INFO 14580 --- [main] org.apache.catalina.core.StandardEngine  : Starting Servlet engine: [Apache Tomcat/9.0.41]
2021-02-14 13:06:34.254  INFO 14580 --- [main] o.a.c.c.C.[Tomcat].[localhost].[/]       : Initializing Spring embedded WebApplicationContext
2021-02-14 13:06:34.254  INFO 14580 --- [main] w.s.c.ServletWebServerApplicationContext : Root WebApplicationContext: initialization completed in 555 ms
2021-02-14 13:06:34.348  INFO 14580 --- [main] o.s.s.concurrent.ThreadPoolTaskExecutor  : Initializing ExecutorService 'applicationTaskExecutor'
2021-02-14 13:06:34.457  INFO 14580 --- [main] o.s.b.w.embedded.tomcat.TomcatWebServer  : Tomcat started on port(s): 8080 (http) with context path ''
2021-02-14 13:06:34.464  INFO 14580 --- [main] d.s.e.escaperoom.EscaperoomApplication   : Started EscaperoomApplication in 1.076 seconds (JVM running for 1.634)
2021-02-14 13:06:38.654  INFO 14580 --- [http-nio-8080-exec-1] o.apache.coyote.http11.Http11Processor   : Error parsing HTTP request header
 Note: further occurrences of HTTP request parsing errors will be logged at DEBUG level.

java.lang.IllegalArgumentException: Invalid character found in method name [0x160x030x010x020x000x010x000x010xfc0x030x030x9d0xdd0xa80xad0xe9jt0x12R`n0xd8v%0x030x8f0xd6N0xe0}d-9i0x1300x840x030xa30xcc0x10$]. HTTP method names must be tokens
	at org.apache.coyote.http11.Http11InputBuffer.parseRequestLine(Http11InputBuffer.java:417) ~[tomcat-embed-core-9.0.41.jar:9.0.41]
	at org.apache.coyote.http11.Http11Processor.service(Http11Processor.java:261) ~[tomcat-embed-core-9.0.41.jar:9.0.41]
	at org.apache.coyote.AbstractProcessorLight.process(AbstractProcessorLight.java:65) ~[tomcat-embed-core-9.0.41.jar:9.0.41]
	at org.apache.coyote.AbstractProtocol$ConnectionHandler.process(AbstractProtocol.java:888) ~[tomcat-embed-core-9.0.41.jar:9.0.41]
	at org.apache.tomcat.util.net.NioEndpoint$SocketProcessor.doRun(NioEndpoint.java:1597) ~[tomcat-embed-core-9.0.41.jar:9.0.41]
	at org.apache.tomcat.util.net.SocketProcessorBase.run(SocketProcessorBase.java:49) ~[tomcat-embed-core-9.0.41.jar:9.0.41]
	at java.base/java.util.concurrent.ThreadPoolExecutor.runWorker(ThreadPoolExecutor.java:1130) ~[na:na]
	at java.base/java.util.concurrent.ThreadPoolExecutor$Worker.run(ThreadPoolExecutor.java:630) ~[na:na]
	at org.apache.tomcat.util.threads.TaskThread$WrappingRunnable.run(TaskThread.java:61) ~[tomcat-embed-core-9.0.41.jar:9.0.41]
	at java.base/java.lang.Thread.run(Thread.java:832) ~[na:na]

2021-02-14 13:06:38.702  INFO 14580 --- [http-nio-8080-exec-2] o.apache.coyote.http11.Http11Processor   : Error parsing HTTP request header
 Note: further occurrences of HTTP request parsing errors will be logged at DEBUG level.

java.lang.IllegalArgumentException: Invalid character found in method name [0x160x030x010x020x000x010x000x010xfc0x030x030xe3v0xd80xf0[0x900xa30x1c0xc0Z0xc710xa50xf7ch0x070xcd0xcd0x93;0xcdGZ0xd9f0xe8]B0x8a0x880x81]. HTTP method names must be tokens
	at org.apache.coyote.http11.Http11InputBuffer.parseRequestLine(Http11InputBuffer.java:417) ~[tomcat-embed-core-9.0.41.jar:9.0.41]
	at org.apache.coyote.http11.Http11Processor.service(Http11Processor.java:261) ~[tomcat-embed-core-9.0.41.jar:9.0.41]
	at org.apache.coyote.AbstractProcessorLight.process(AbstractProcessorLight.java:65) ~[tomcat-embed-core-9.0.41.jar:9.0.41]
	at org.apache.coyote.AbstractProtocol$ConnectionHandler.process(AbstractProtocol.java:888) ~[tomcat-embed-core-9.0.41.jar:9.0.41]
	at org.apache.tomcat.util.net.NioEndpoint$SocketProcessor.doRun(NioEndpoint.java:1597) ~[tomcat-embed-core-9.0.41.jar:9.0.41]
	at org.apache.tomcat.util.net.SocketProcessorBase.run(SocketProcessorBase.java:49) ~[tomcat-embed-core-9.0.41.jar:9.0.41]
	at java.base/java.util.concurrent.ThreadPoolExecutor.runWorker(ThreadPoolExecutor.java:1130) ~[na:na]
	at java.base/java.util.concurrent.ThreadPoolExecutor$Worker.run(ThreadPoolExecutor.java:630) ~[na:na]
	at org.apache.tomcat.util.threads.TaskThread$WrappingRunnable.run(TaskThread.java:61) ~[tomcat-embed-core-9.0.41.jar:9.0.41]
	at java.base/java.lang.Thread.run(Thread.java:832) ~[na:na]

2021-02-14 13:08:30.380  INFO 14580 --- [http-nio-8080-exec-3] o.a.c.c.C.[Tomcat].[localhost].[/]       : Initializing Spring DispatcherServlet 'dispatcherServlet'
2021-02-14 13:08:30.380  INFO 14580 --- [http-nio-8080-exec-3] o.s.web.servlet.DispatcherServlet        : Initializing Servlet 'dispatcherServlet'
2021-02-14 13:08:30.382  INFO 14580 --- [http-nio-8080-exec-3] o.s.web.servlet.DispatcherServlet        : Completed initialization in 1 ms
2021-02-14 13:32:53.795  INFO 16448 --- [main] d.s.e.escaperoom.EscaperoomApplication   : Starting EscaperoomApplication using Java 15.0.1 on LAP-HEBU2 with PID 16448 (C:\Users\hendrik.buender\git\escaperoomapi\target\classes started by hendrik.buender in C:\Users\hendrik.buender\git\escaperoomapi)
2021-02-14 13:32:53.797  INFO 16448 --- [main] d.s.e.escaperoom.EscaperoomApplication   : No active profile set, falling back to default profiles: default
2021-02-14 13:32:54.354  INFO 16448 --- [main] o.s.b.w.embedded.tomcat.TomcatWebServer  : Tomcat initialized with port(s): 8080 (http)
2021-02-14 13:32:54.365  INFO 16448 --- [main] o.apache.catalina.core.StandardService   : Starting service [Tomcat]
2021-02-14 13:32:54.365  INFO 16448 --- [main] org.apache.catalina.core.StandardEngine  : Starting Servlet engine: [Apache Tomcat/9.0.41]
2021-02-14 13:32:54.407  INFO 16448 --- [main] o.a.c.c.C.[Tomcat].[localhost].[/]       : Initializing Spring embedded WebApplicationContext
2021-02-14 13:32:54.407  INFO 16448 --- [main] w.s.c.ServletWebServerApplicationContext : Root WebApplicationContext: initialization completed in 578 ms
2021-02-14 13:32:54.503  INFO 16448 --- [main] o.s.s.concurrent.ThreadPoolTaskExecutor  : Initializing ExecutorService 'applicationTaskExecutor'
2021-02-14 13:32:54.615  INFO 16448 --- [main] o.s.b.w.embedded.tomcat.TomcatWebServer  : Tomcat started on port(s): 8080 (http) with context path ''
2021-02-14 13:32:54.624  INFO 16448 --- [main] d.s.e.escaperoom.EscaperoomApplication   : Started EscaperoomApplication in 1.082 seconds (JVM running for 1.551)
2021-02-14 13:34:08.309  INFO 16448 --- [http-nio-8080-exec-1] o.a.c.c.C.[Tomcat].[localhost].[/]       : Initializing Spring DispatcherServlet 'dispatcherServlet'
2021-02-14 13:34:08.309  INFO 16448 --- [http-nio-8080-exec-1] o.s.web.servlet.DispatcherServlet        : Initializing Servlet 'dispatcherServlet'
2021-02-14 13:34:08.310  INFO 16448 --- [http-nio-8080-exec-1] o.s.web.servlet.DispatcherServlet        : Completed initialization in 1 ms
2021-02-14 13:35:40.266  INFO 6016 --- [main] d.s.e.escaperoom.EscaperoomApplication   : Starting EscaperoomApplication using Java 15.0.1 on LAP-HEBU2 with PID 6016 (C:\Users\hendrik.buender\git\escaperoomapi\target\classes started by hendrik.buender in C:\Users\hendrik.buender\git\escaperoomapi)
2021-02-14 13:35:40.266  INFO 6016 --- [main] d.s.e.escaperoom.EscaperoomApplication   : No active profile set, falling back to default profiles: default
2021-02-14 13:35:40.828  INFO 6016 --- [main] o.s.b.w.embedded.tomcat.TomcatWebServer  : Tomcat initialized with port(s): 8080 (http)
2021-02-14 13:35:40.839  INFO 6016 --- [main] o.apache.catalina.core.StandardService   : Starting service [Tomcat]
2021-02-14 13:35:40.839  INFO 6016 --- [main] org.apache.catalina.core.StandardEngine  : Starting Servlet engine: [Apache Tomcat/9.0.41]
2021-02-14 13:35:40.879  INFO 6016 --- [main] o.a.c.c.C.[Tomcat].[localhost].[/]       : Initializing Spring embedded WebApplicationContext
2021-02-14 13:35:40.879  INFO 6016 --- [main] w.s.c.ServletWebServerApplicationContext : Root WebApplicationContext: initialization completed in 566 ms
2021-02-14 13:35:40.963  INFO 6016 --- [main] o.s.s.concurrent.ThreadPoolTaskExecutor  : Initializing ExecutorService 'applicationTaskExecutor'
2021-02-14 13:35:41.057  INFO 6016 --- [main] o.s.b.w.embedded.tomcat.TomcatWebServer  : Tomcat started on port(s): 8080 (http) with context path ''
2021-02-14 13:35:41.065  INFO 6016 --- [main] d.s.e.escaperoom.EscaperoomApplication   : Started EscaperoomApplication in 1.037 seconds (JVM running for 1.506)
2021-02-14 13:35:57.146  INFO 6016 --- [http-nio-8080-exec-1] o.a.c.c.C.[Tomcat].[localhost].[/]       : Initializing Spring DispatcherServlet 'dispatcherServlet'
2021-02-14 13:35:57.147  INFO 6016 --- [http-nio-8080-exec-1] o.s.web.servlet.DispatcherServlet        : Initializing Servlet 'dispatcherServlet'
2021-02-14 13:35:57.147  INFO 6016 --- [http-nio-8080-exec-1] o.s.web.servlet.DispatcherServlet        : Completed initialization in 0 ms
2021-02-14 13:38:03.511  INFO 12000 --- [main] d.s.e.escaperoom.EscaperoomApplication   : Starting EscaperoomApplication using Java 15.0.1 on LAP-HEBU2 with PID 12000 (C:\Users\hendrik.buender\git\escaperoomapi\target\classes started by hendrik.buender in C:\Users\hendrik.buender\git\escaperoomapi)
2021-02-14 13:38:03.513  INFO 12000 --- [main] d.s.e.escaperoom.EscaperoomApplication   : No active profile set, falling back to default profiles: default
2021-02-14 13:38:04.028  INFO 12000 --- [main] o.s.b.w.embedded.tomcat.TomcatWebServer  : Tomcat initialized with port(s): 8080 (http)
2021-02-14 13:38:04.039  INFO 12000 --- [main] o.apache.catalina.core.StandardService   : Starting service [Tomcat]
2021-02-14 13:38:04.040  INFO 12000 --- [main] org.apache.catalina.core.StandardEngine  : Starting Servlet engine: [Apache Tomcat/9.0.41]
2021-02-14 13:38:04.081  INFO 12000 --- [main] o.a.c.c.C.[Tomcat].[localhost].[/]       : Initializing Spring embedded WebApplicationContext
2021-02-14 13:38:04.081  INFO 12000 --- [main] w.s.c.ServletWebServerApplicationContext : Root WebApplicationContext: initialization completed in 535 ms
2021-02-14 13:38:04.254  INFO 12000 --- [main] o.s.b.w.embedded.tomcat.TomcatWebServer  : Tomcat started on port(s): 8080 (http) with context path ''
2021-02-14 13:38:04.262  INFO 12000 --- [main] d.s.e.escaperoom.EscaperoomApplication   : Started EscaperoomApplication in 0.992 seconds (JVM running for 1.407)
2021-02-14 13:38:10.166  INFO 12000 --- [http-nio-8080-exec-1] o.a.c.c.C.[Tomcat].[localhost].[/]       : Initializing Spring DispatcherServlet 'dispatcherServlet'
2021-02-14 13:38:10.166  INFO 12000 --- [http-nio-8080-exec-1] o.s.web.servlet.DispatcherServlet        : Initializing Servlet 'dispatcherServlet'
2021-02-14 13:38:10.167  INFO 12000 --- [http-nio-8080-exec-1] o.s.web.servlet.DispatcherServlet        : Completed initialization in 1 ms
2021-02-14 13:38:10.176  WARN 12000 --- [http-nio-8080-exec-1] o.s.web.servlet.PageNotFound             : No mapping for GET /about.html
2021-02-14 13:38:11.844  WARN 12000 --- [http-nio-8080-exec-2] o.s.web.servlet.PageNotFound             : No mapping for GET /about.html
2021-02-14 13:38:17.077  WARN 12000 --- [http-nio-8080-exec-3] o.s.web.servlet.PageNotFound             : No mapping for GET /Wimmeldbild.png
2021-02-14 13:38:38.064  WARN 12000 --- [http-nio-8080-exec-4] o.s.web.servlet.PageNotFound             : No mapping for GET /resources/Wimmeldbild.png
2021-02-14 13:38:53.383  WARN 12000 --- [http-nio-8080-exec-5] o.s.web.servlet.PageNotFound             : No mapping for GET /Wimmelbild.png
2021-02-14 13:39:35.097  WARN 12000 --- [http-nio-8080-exec-6] o.s.web.servlet.PageNotFound             : No mapping for GET /Wimmelbild.png
2021-02-14 13:39:37.454  WARN 12000 --- [http-nio-8080-exec-8] o.s.web.servlet.PageNotFound             : No mapping for GET /Wimmelbild.png
2021-02-14 13:39:37.564  WARN 12000 --- [http-nio-8080-exec-9] o.s.web.servlet.PageNotFound             : No mapping for GET /favicon.ico
2021-02-14 13:39:41.582  WARN 12000 --- [http-nio-8080-exec-10] o.s.web.servlet.PageNotFound             : No mapping for GET /Wimmelbild.png
2021-02-14 13:39:50.290  WARN 12000 --- [http-nio-8080-exec-1] o.s.web.servlet.PageNotFound             : No mapping for GET /static/Wimmelbild.png
2021-02-14 13:43:53.838  INFO 12832 --- [main] d.s.e.escaperoom.EscaperoomApplication   : Starting EscaperoomApplication using Java 15.0.1 on LAP-HEBU2 with PID 12832 (C:\Users\hendrik.buender\git\escaperoomapi\target\classes started by hendrik.buender in C:\Users\hendrik.buender\git\escaperoomapi)
2021-02-14 13:43:53.840  INFO 12832 --- [main] d.s.e.escaperoom.EscaperoomApplication   : No active profile set, falling back to default profiles: default
2021-02-14 13:43:54.361  INFO 12832 --- [main] o.s.b.w.embedded.tomcat.TomcatWebServer  : Tomcat initialized with port(s): 8080 (http)
2021-02-14 13:43:54.372  INFO 12832 --- [main] o.apache.catalina.core.StandardService   : Starting service [Tomcat]
2021-02-14 13:43:54.372  INFO 12832 --- [main] org.apache.catalina.core.StandardEngine  : Starting Servlet engine: [Apache Tomcat/9.0.41]
2021-02-14 13:43:54.419  INFO 12832 --- [main] o.a.c.c.C.[Tomcat].[localhost].[/]       : Initializing Spring embedded WebApplicationContext
2021-02-14 13:43:54.419  INFO 12832 --- [main] w.s.c.ServletWebServerApplicationContext : Root WebApplicationContext: initialization completed in 546 ms
2021-02-14 13:43:54.591  INFO 12832 --- [main] o.s.b.w.embedded.tomcat.TomcatWebServer  : Tomcat started on port(s): 8080 (http) with context path ''
2021-02-14 13:43:54.599  INFO 12832 --- [main] d.s.e.escaperoom.EscaperoomApplication   : Started EscaperoomApplication in 0.999 seconds (JVM running for 1.428)
2021-02-14 13:58:21.091  INFO 12832 --- [http-nio-8080-exec-1] o.a.c.c.C.[Tomcat].[localhost].[/]       : Initializing Spring DispatcherServlet 'dispatcherServlet'
2021-02-14 13:58:21.091  INFO 12832 --- [http-nio-8080-exec-1] o.s.web.servlet.DispatcherServlet        : Initializing Servlet 'dispatcherServlet'
2021-02-14 13:58:21.092  INFO 12832 --- [http-nio-8080-exec-1] o.s.web.servlet.DispatcherServlet        : Completed initialization in 1 ms
2021-02-14 13:58:21.101  WARN 12832 --- [http-nio-8080-exec-1] o.s.web.servlet.PageNotFound             : No mapping for GET /static/aabout.html
2021-02-14 13:58:27.746  WARN 12832 --- [http-nio-8080-exec-3] o.s.web.servlet.PageNotFound             : No mapping for GET /static/about.html
2021-02-14 14:02:32.577  INFO 2208 --- [main] d.s.e.escaperoom.EscaperoomApplication   : Starting EscaperoomApplication using Java 15.0.1 on LAP-HEBU2 with PID 2208 (C:\Users\hendrik.buender\git\escaperoomapi\target\classes started by hendrik.buender in C:\Users\hendrik.buender\git\escaperoomapi)
2021-02-14 14:02:32.577  INFO 2208 --- [main] d.s.e.escaperoom.EscaperoomApplication   : No active profile set, falling back to default profiles: default
2021-02-14 14:02:33.078  INFO 2208 --- [main] o.s.b.w.embedded.tomcat.TomcatWebServer  : Tomcat initialized with port(s): 8080 (http)
2021-02-14 14:02:33.078  INFO 2208 --- [main] o.apache.catalina.core.StandardService   : Starting service [Tomcat]
2021-02-14 14:02:33.078  INFO 2208 --- [main] org.apache.catalina.core.StandardEngine  : Starting Servlet engine: [Apache Tomcat/9.0.41]
2021-02-14 14:02:33.125  INFO 2208 --- [main] o.a.c.c.C.[Tomcat].[localhost].[/]       : Initializing Spring embedded WebApplicationContext
2021-02-14 14:02:33.125  INFO 2208 --- [main] w.s.c.ServletWebServerApplicationContext : Root WebApplicationContext: initialization completed in 517 ms
2021-02-14 14:02:33.294  INFO 2208 --- [main] o.s.b.w.embedded.tomcat.TomcatWebServer  : Tomcat started on port(s): 8080 (http) with context path ''
2021-02-14 14:02:33.294  INFO 2208 --- [main] d.s.e.escaperoom.EscaperoomApplication   : Started EscaperoomApplication in 0.97 seconds (JVM running for 1.408)
2021-02-14 14:02:41.067  INFO 2208 --- [http-nio-8080-exec-1] o.a.c.c.C.[Tomcat].[localhost].[/]       : Initializing Spring DispatcherServlet 'dispatcherServlet'
2021-02-14 14:02:41.067  INFO 2208 --- [http-nio-8080-exec-1] o.s.web.servlet.DispatcherServlet        : Initializing Servlet 'dispatcherServlet'
2021-02-14 14:02:41.069  INFO 2208 --- [http-nio-8080-exec-1] o.s.web.servlet.DispatcherServlet        : Completed initialization in 2 ms
2021-02-14 14:02:41.076  WARN 2208 --- [http-nio-8080-exec-1] o.s.web.servlet.PageNotFound             : No mapping for GET /static/about.html
2021-02-14 14:04:10.201  WARN 2208 --- [http-nio-8080-exec-4] o.s.web.servlet.PageNotFound             : No mapping for GET /about.html
2021-02-14 14:04:22.402  WARN 2208 --- [http-nio-8080-exec-9] o.s.web.servlet.PageNotFound             : No mapping for GET /about.html
2021-02-14 14:04:31.607  INFO 17620 --- [main] d.s.e.escaperoom.EscaperoomApplication   : Starting EscaperoomApplication using Java 15.0.1 on LAP-HEBU2 with PID 17620 (C:\Users\hendrik.buender\git\escaperoomapi\target\classes started by hendrik.buender in C:\Users\hendrik.buender\git\escaperoomapi)
2021-02-14 14:04:31.609  INFO 17620 --- [main] d.s.e.escaperoom.EscaperoomApplication   : No active profile set, falling back to default profiles: default
2021-02-14 14:04:32.156  INFO 17620 --- [main] o.s.b.w.embedded.tomcat.TomcatWebServer  : Tomcat initialized with port(s): 8080 (http)
2021-02-14 14:04:32.170  INFO 17620 --- [main] o.apache.catalina.core.StandardService   : Starting service [Tomcat]
2021-02-14 14:04:32.170  INFO 17620 --- [main] org.apache.catalina.core.StandardEngine  : Starting Servlet engine: [Apache Tomcat/9.0.41]
2021-02-14 14:04:32.218  INFO 17620 --- [main] o.a.c.c.C.[Tomcat].[localhost].[/]       : Initializing Spring embedded WebApplicationContext
2021-02-14 14:04:32.219  INFO 17620 --- [main] w.s.c.ServletWebServerApplicationContext : Root WebApplicationContext: initialization completed in 580 ms
2021-02-14 14:04:32.319  INFO 17620 --- [main] o.s.s.concurrent.ThreadPoolTaskExecutor  : Initializing ExecutorService 'applicationTaskExecutor'
2021-02-14 14:04:32.437  INFO 17620 --- [main] o.s.b.w.embedded.tomcat.TomcatWebServer  : Tomcat started on port(s): 8080 (http) with context path ''
2021-02-14 14:04:32.448  INFO 17620 --- [main] d.s.e.escaperoom.EscaperoomApplication   : Started EscaperoomApplication in 1.101 seconds (JVM running for 1.567)
2021-02-14 14:04:35.094  INFO 17620 --- [http-nio-8080-exec-1] o.a.c.c.C.[Tomcat].[localhost].[/]       : Initializing Spring DispatcherServlet 'dispatcherServlet'
2021-02-14 14:04:35.094  INFO 17620 --- [http-nio-8080-exec-1] o.s.web.servlet.DispatcherServlet        : Initializing Servlet 'dispatcherServlet'
2021-02-14 14:04:35.095  INFO 17620 --- [http-nio-8080-exec-1] o.s.web.servlet.DispatcherServlet        : Completed initialization in 0 ms
2021-02-14 15:04:22.410  INFO 3540 --- [main] d.s.e.escaperoom.EscaperoomApplication   : Starting EscaperoomApplication using Java 15.0.1 on LAP-HEBU2 with PID 3540 (C:\Users\hendrik.buender\git\escaperoomapi\target\classes started by hendrik.buender in C:\Users\hendrik.buender\git\escaperoomapi)
2021-02-14 15:04:22.414  INFO 3540 --- [main] d.s.e.escaperoom.EscaperoomApplication   : No active profile set, falling back to default profiles: default
2021-02-14 15:04:23.074  INFO 3540 --- [main] o.s.b.w.embedded.tomcat.TomcatWebServer  : Tomcat initialized with port(s): 8080 (http)
2021-02-14 15:04:23.074  INFO 3540 --- [main] o.apache.catalina.core.StandardService   : Starting service [Tomcat]
2021-02-14 15:04:23.074  INFO 3540 --- [main] org.apache.catalina.core.StandardEngine  : Starting Servlet engine: [Apache Tomcat/9.0.41]
2021-02-14 15:04:23.127  INFO 3540 --- [main] o.a.c.c.C.[Tomcat].[localhost].[/]       : Initializing Spring embedded WebApplicationContext
2021-02-14 15:04:23.127  INFO 3540 --- [main] w.s.c.ServletWebServerApplicationContext : Root WebApplicationContext: initialization completed in 670 ms
2021-02-14 15:04:23.259  INFO 3540 --- [main] o.s.s.concurrent.ThreadPoolTaskExecutor  : Initializing ExecutorService 'applicationTaskExecutor'
2021-02-14 15:04:23.390  INFO 3540 --- [main] o.s.b.w.embedded.tomcat.TomcatWebServer  : Tomcat started on port(s): 8080 (http) with context path ''
2021-02-14 15:04:23.406  INFO 3540 --- [main] d.s.e.escaperoom.EscaperoomApplication   : Started EscaperoomApplication in 1.311 seconds (JVM running for 1.88)
2021-02-14 15:04:30.203  INFO 3540 --- [http-nio-8080-exec-1] o.a.c.c.C.[Tomcat].[localhost].[/]       : Initializing Spring DispatcherServlet 'dispatcherServlet'
2021-02-14 15:04:30.203  INFO 3540 --- [http-nio-8080-exec-1] o.s.web.servlet.DispatcherServlet        : Initializing Servlet 'dispatcherServlet'
2021-02-14 15:04:30.204  INFO 3540 --- [http-nio-8080-exec-1] o.s.web.servlet.DispatcherServlet        : Completed initialization in 0 ms
2021-02-14 15:07:29.130  INFO 11672 --- [main] d.s.e.escaperoom.EscaperoomApplication   : Starting EscaperoomApplication using Java 15.0.1 on LAP-HEBU2 with PID 11672 (C:\Users\hendrik.buender\git\escaperoomapi\target\classes started by hendrik.buender in C:\Users\hendrik.buender\git\escaperoomapi)
2021-02-14 15:07:29.145  INFO 11672 --- [main] d.s.e.escaperoom.EscaperoomApplication   : No active profile set, falling back to default profiles: default
2021-02-14 15:07:29.656  INFO 11672 --- [main] o.s.b.w.embedded.tomcat.TomcatWebServer  : Tomcat initialized with port(s): 8080 (http)
2021-02-14 15:07:29.672  INFO 11672 --- [main] o.apache.catalina.core.StandardService   : Starting service [Tomcat]
2021-02-14 15:07:29.672  INFO 11672 --- [main] org.apache.catalina.core.StandardEngine  : Starting Servlet engine: [Apache Tomcat/9.0.41]
2021-02-14 15:07:29.719  INFO 11672 --- [main] o.a.c.c.C.[Tomcat].[localhost].[/]       : Initializing Spring embedded WebApplicationContext
2021-02-14 15:07:29.719  INFO 11672 --- [main] w.s.c.ServletWebServerApplicationContext : Root WebApplicationContext: initialization completed in 543 ms
2021-02-14 15:07:29.803  INFO 11672 --- [main] o.s.s.concurrent.ThreadPoolTaskExecutor  : Initializing ExecutorService 'applicationTaskExecutor'
2021-02-14 15:07:29.888  INFO 11672 --- [main] o.s.b.w.embedded.tomcat.TomcatWebServer  : Tomcat started on port(s): 8080 (http) with context path ''
2021-02-14 15:07:29.904  INFO 11672 --- [main] d.s.e.escaperoom.EscaperoomApplication   : Started EscaperoomApplication in 1.018 seconds (JVM running for 1.46)
2021-02-14 15:07:33.574  INFO 11672 --- [http-nio-8080-exec-1] o.a.c.c.C.[Tomcat].[localhost].[/]       : Initializing Spring DispatcherServlet 'dispatcherServlet'
2021-02-14 15:07:33.575  INFO 11672 --- [http-nio-8080-exec-1] o.s.web.servlet.DispatcherServlet        : Initializing Servlet 'dispatcherServlet'
2021-02-14 15:07:33.576  INFO 11672 --- [http-nio-8080-exec-1] o.s.web.servlet.DispatcherServlet        : Completed initialization in 1 ms
2021-02-14 15:19:53.778  INFO 17044 --- [main] d.s.e.escaperoom.EscaperoomApplication   : Starting EscaperoomApplication using Java 15.0.1 on LAP-HEBU2 with PID 17044 (C:\Users\hendrik.buender\git\escaperoomapi\target\classes started by hendrik.buender in C:\Users\hendrik.buender\git\escaperoomapi)
2021-02-14 15:19:53.778  INFO 17044 --- [main] d.s.e.escaperoom.EscaperoomApplication   : No active profile set, falling back to default profiles: default
2021-02-14 15:19:54.309  INFO 17044 --- [main] o.s.b.w.embedded.tomcat.TomcatWebServer  : Tomcat initialized with port(s): 8080 (http)
2021-02-14 15:19:54.320  INFO 17044 --- [main] o.apache.catalina.core.StandardService   : Starting service [Tomcat]
2021-02-14 15:19:54.320  INFO 17044 --- [main] org.apache.catalina.core.StandardEngine  : Starting Servlet engine: [Apache Tomcat/9.0.41]
2021-02-14 15:19:54.359  INFO 17044 --- [main] o.a.c.c.C.[Tomcat].[localhost].[/]       : Initializing Spring embedded WebApplicationContext
2021-02-14 15:19:54.359  INFO 17044 --- [main] w.s.c.ServletWebServerApplicationContext : Root WebApplicationContext: initialization completed in 542 ms
2021-02-14 15:19:54.443  INFO 17044 --- [main] o.s.s.concurrent.ThreadPoolTaskExecutor  : Initializing ExecutorService 'applicationTaskExecutor'
2021-02-14 15:19:54.542  INFO 17044 --- [main] o.s.b.w.embedded.tomcat.TomcatWebServer  : Tomcat started on port(s): 8080 (http) with context path ''
2021-02-14 15:19:54.550  INFO 17044 --- [main] d.s.e.escaperoom.EscaperoomApplication   : Started EscaperoomApplication in 1.007 seconds (JVM running for 1.444)
2021-02-14 15:19:58.045  INFO 17044 --- [http-nio-8080-exec-1] o.a.c.c.C.[Tomcat].[localhost].[/]       : Initializing Spring DispatcherServlet 'dispatcherServlet'
2021-02-14 15:19:58.046  INFO 17044 --- [http-nio-8080-exec-1] o.s.web.servlet.DispatcherServlet        : Initializing Servlet 'dispatcherServlet'
2021-02-14 15:19:58.046  INFO 17044 --- [http-nio-8080-exec-1] o.s.web.servlet.DispatcherServlet        : Completed initialization in 0 ms
